./debug.log.2026-01-16_1101:DEBUG [MemtableFlushWriter:22594] 2026-01-16 00:00:08,377 ColumnFamilyStore.java:1197 - Flushed to [BigTableReader(path='/cassandra_data/test_keyspace/test_table-395f4600e0cf11ec8215f573db44ed38/nb-4477-big-Data.db')] (1 sstables, 59.399MiB), biggest 59.399MiB, smallest 59.399MiB
./debug.log.2026-01-16_1101:INFO  [CompactionExecutor:135305] 2026-01-16 03:17:04,340 CompactionTask.java:241 - Compacted (06401930-f268-11f0-9b47-5f6539fdd0c8) 1 sstables to [/cassandra_data/test_keyspace/test_table-395f4600e0cf11ec8215f573db44ed38/nb-4478-big,] to level=0.  13.516GiB to 13.516GiB (~100% of original) in 119,950ms.  Read Throughput = 115.384MiB/s, Write Throughput = 115.384MiB/s, Row Throughput = ~22,382/s.  1,118,204 total partitions merged to 1,118,204.  Partition merge counts were {1:1118204, }
./debug.log.2026-01-16_1101:INFO  [NonPeriodicTasks:1] 2026-01-16 03:17:04,345 SSTable.java:111 - Deleting sstable: /cassandra_data/test_keyspace/test_table-395f4600e0cf11ec8215f573db44ed38/nb-4472-big
./debug.log.2026-01-16_1101:DEBUG [MemtableFlushWriter:22639] 2026-01-16 09:30:14,201 ColumnFamilyStore.java:1197 - Flushed to [BigTableReader(path='/cassandra_data/test_keyspace/test_table-395f4600e0cf11ec8215f573db44ed38/nb-4479-big-Data.db')] (1 sstables, 57.091MiB), biggest 57.091MiB, smallest 57.091MiB
./debug.log.2026-01-18_0808:DEBUG [MemtableFlushWriter:22669] 2026-01-16 13:45:44,587 ColumnFamilyStore.java:1197 - Flushed to [BigTableReader(path='/cassandra_data/test_keyspace/test_table-395f4600e0cf11ec8215f573db44ed38/nb-4480-big-Data.db')] (1 sstables, 171.622MiB), biggest 171.622MiB, smallest 171.622MiB
./debug.log.2026-01-18_0808:INFO  [CompactionExecutor:135810] 2026-01-16 13:45:50,420 CompactionTask.java:241 - Compacted (20c48cc0-f2c0-11f0-9b47-5f6539fdd0c8) 4 sstables to [/cassandra_data/test_keyspace/test_table-395f4600e0cf11ec8215f573db44ed38/nb-4481-big,] to level=0.  780.175MiB to 780.298MiB (~100% of original) in 5,831ms.  Read Throughput = 133.791MiB/s, Write Throughput = 133.812MiB/s, Row Throughput = ~10,292/s.  30,723 total partitions merged to 30,532.  Partition merge counts were {1:30357, 2:161, 3:12, 4:2, }
./debug.log.2026-01-18_0808:INFO  [NonPeriodicTasks:1] 2026-01-16 13:45:50,421 SSTable.java:111 - Deleting sstable: /cassandra_data/test_keyspace/test_table-395f4600e0cf11ec8215f573db44ed38/nb-4480-big
./debug.log.2026-01-18_0808:INFO  [NonPeriodicTasks:1] 2026-01-16 13:45:50,422 SSTable.java:111 - Deleting sstable: /cassandra_data/test_keyspace/test_table-395f4600e0cf11ec8215f573db44ed38/nb-4471-big
./debug.log.2026-01-18_0808:INFO  [NonPeriodicTasks:1] 2026-01-16 13:45:50,422 SSTable.java:111 - Deleting sstable: /cassandra_data/test_keyspace/test_table-395f4600e0cf11ec8215f573db44ed38/nb-4474-big
./debug.log.2026-01-18_0808:INFO  [NonPeriodicTasks:1] 2026-01-16 13:45:50,423 SSTable.java:111 - Deleting sstable: /cassandra_data/test_keyspace/test_table-395f4600e0cf11ec8215f573db44ed38/nb-4476-big
./debug.log.2026-01-18_0808:INFO  [CompactionExecutor:135810] 2026-01-16 13:46:14,869 CompactionTask.java:241 - Compacted (243e9850-f2c0-11f0-9b47-5f6539fdd0c8) 4 sstables to [/cassandra_data/test_keyspace/test_table-395f4600e0cf11ec8215f573db44ed38/nb-4482-big,] to level=0.  3.426GiB to 3.426GiB (~99% of original) in 24,447ms.  Read Throughput = 143.487MiB/s, Write Throughput = 143.487MiB/s, Row Throughput = ~10,580/s.  131,406 total partitions merged to 128,860.  Partition merge counts were {1:126589, 2:2059, 3:149, 4:63, }
./debug.log.2026-01-18_0808:INFO  [NonPeriodicTasks:1] 2026-01-16 13:46:14,869 SSTable.java:111 - Deleting sstable: /cassandra_data/test_keyspace/test_table-395f4600e0cf11ec8215f573db44ed38/nb-4481-big
./debug.log.2026-01-18_0808:INFO  [NonPeriodicTasks:1] 2026-01-16 13:46:14,870 SSTable.java:111 - Deleting sstable: /cassandra_data/test_keyspace/test_table-395f4600e0cf11ec8215f573db44ed38/nb-4441-big
./debug.log.2026-01-18_0808:INFO  [NonPeriodicTasks:1] 2026-01-16 13:46:14,871 SSTable.java:111 - Deleting sstable: /cassandra_data/test_keyspace/test_table-395f4600e0cf11ec8215f573db44ed38/nb-4470-big
./debug.log.2026-01-18_0808:INFO  [NonPeriodicTasks:1] 2026-01-16 13:46:14,872 SSTable.java:111 - Deleting sstable: /cassandra_data/test_keyspace/test_table-395f4600e0cf11ec8215f573db44ed38/nb-4455-big
./debug.log.2026-01-18_0808:INFO  [CompactionExecutor:135810] 2026-01-16 13:47:52,044 CompactionTask.java:241 - Compacted (32d11050-f2c0-11f0-9b47-5f6539fdd0c8) 4 sstables to [/cassandra_data/test_keyspace/test_table-395f4600e0cf11ec8215f573db44ed38/nb-4483-big,] to level=0.  12.969GiB to 12.967GiB (~99% of original) in 97,173ms.  Read Throughput = 136.663MiB/s, Write Throughput = 136.641MiB/s, Row Throughput = ~11,073/s.  543,062 total partitions merged to 508,043.  Partition merge counts were {1:476155, 2:29229, 3:2187, 4:472, }
./debug.log.2026-01-18_0808:INFO  [NonPeriodicTasks:1] 2026-01-16 13:47:52,044 SSTable.java:111 - Deleting sstable: /cassandra_data/test_keyspace/test_table-395f4600e0cf11ec8215f573db44ed38/nb-4398-big
./debug.log.2026-01-18_0808:INFO  [NonPeriodicTasks:1] 2026-01-16 13:47:52,046 SSTable.java:111 - Deleting sstable: /cassandra_data/test_keyspace/test_table-395f4600e0cf11ec8215f573db44ed38/nb-4482-big
./debug.log.2026-01-18_0808:INFO  [NonPeriodicTasks:1] 2026-01-16 13:47:52,047 SSTable.java:111 - Deleting sstable: /cassandra_data/test_keyspace/test_table-395f4600e0cf11ec8215f573db44ed38/nb-4340-big
./debug.log.2026-01-18_0808:INFO  [NonPeriodicTasks:1] 2026-01-16 13:47:52,048 SSTable.java:111 - Deleting sstable: /cassandra_data/test_keyspace/test_table-395f4600e0cf11ec8215f573db44ed38/nb-4429-big
./debug.log.2026-01-18_0808:INFO  [CompactionExecutor:135810] 2026-01-16 13:54:47,153 CompactionTask.java:241 - Compacted (6cbcf1d0-f2c0-11f0-9b47-5f6539fdd0c8) 4 sstables to [/cassandra_data/test_keyspace/test_table-395f4600e0cf11ec8215f573db44ed38/nb-4484-big,] to level=0.  53.189GiB to 53.168GiB (~99% of original) in 415,106ms.  Read Throughput = 131.208MiB/s, Write Throughput = 131.157MiB/s, Row Throughput = ~13,250/s.  2,739,143 total partitions merged to 2,096,113.  Partition merge counts were {1:1583961, 2:402915, 3:87596, 4:21641, }
./debug.log.2026-01-18_0808:INFO  [NonPeriodicTasks:1] 2026-01-16 13:54:47,154 SSTable.java:111 - Deleting sstable: /cassandra_data/test_keyspace/test_table-395f4600e0cf11ec8215f573db44ed38/nb-4483-big
./debug.log.2026-01-18_0808:INFO  [NonPeriodicTasks:1] 2026-01-16 13:54:47,154 SSTable.java:111 - Deleting sstable: /cassandra_data/test_keyspace/test_table-395f4600e0cf11ec8215f573db44ed38/nb-4478-big
./debug.log.2026-01-18_0808:INFO  [NonPeriodicTasks:1] 2026-01-16 13:54:47,155 SSTable.java:111 - Deleting sstable: /cassandra_data/test_keyspace/test_table-395f4600e0cf11ec8215f573db44ed38/nb-4297-big
./debug.log.2026-01-18_0808:INFO  [NonPeriodicTasks:1] 2026-01-16 13:54:47,155 SSTable.java:111 - Deleting sstable: /cassandra_data/test_keyspace/test_table-395f4600e0cf11ec8215f573db44ed38/nb-4140-big
./debug.log.2026-01-18_0808:INFO  [CompactionExecutor:135979] 2026-01-16 17:36:11,193 CompactionTask.java:241 - Compacted (c249a340-f2df-11f0-9b47-5f6539fdd0c8) 1 sstables to [/cassandra_data/test_keyspace/test_table-395f4600e0cf11ec8215f573db44ed38/nb-4485-big,] to level=0.  27.845GiB to 27.554GiB (~98% of original) in 241,219ms.  Read Throughput = 118.203MiB/s, Write Throughput = 116.968MiB/s, Row Throughput = ~17,601/s.  1,626,500 total partitions merged to 1,622,862.  Partition merge counts were {1:1626500, }
./debug.log.2026-01-18_0808:INFO  [NonPeriodicTasks:1] 2026-01-16 17:36:11,199 SSTable.java:111 - Deleting sstable: /cassandra_data/test_keyspace/test_table-395f4600e0cf11ec8215f573db44ed38/nb-4475-big
./debug.log.2026-01-18_0808:DEBUG [MemtableFlushWriter:22719] 2026-01-16 18:53:29,591 ColumnFamilyStore.java:1197 - Flushed to [BigTableReader(path='/cassandra_data/test_keyspace/test_table-395f4600e0cf11ec8215f573db44ed38/nb-4486-big-Data.db')] (1 sstables, 232.156MiB), biggest 232.156MiB, smallest 232.156MiB
./debug.log.2026-01-18_0808:INFO  [CompactionExecutor:136047] 2026-01-16 18:53:46,314 CompactionTask.java:241 - Compacted (1ec46870-f2eb-11f0-9b47-5f6539fdd0c8) 4 sstables to [/cassandra_data/test_keyspace/test_table-395f4600e0cf11ec8215f573db44ed38/nb-4487-big,] to level=0.  1.298GiB to 1.299GiB (~100% of original) in 16,721ms.  Read Throughput = 79.496MiB/s, Write Throughput = 79.532MiB/s, Row Throughput = ~17,614/s.  149,424 total partitions merged to 146,885.  Partition merge counts were {1:144429, 2:2387, 3:55, 4:14, }
./debug.log.2026-01-18_0808:INFO  [NonPeriodicTasks:1] 2026-01-16 18:53:46,314 SSTable.java:111 - Deleting sstable: /cassandra_data/test_keyspace/test_table-395f4600e0cf11ec8215f573db44ed38/nb-4486-big
./debug.log.2026-01-18_0808:INFO  [NonPeriodicTasks:1] 2026-01-16 18:53:46,316 SSTable.java:111 - Deleting sstable: /cassandra_data/test_keyspace/test_table-395f4600e0cf11ec8215f573db44ed38/nb-4423-big
./debug.log.2026-01-18_0808:INFO  [NonPeriodicTasks:1] 2026-01-16 18:53:46,317 SSTable.java:111 - Deleting sstable: /cassandra_data/test_keyspace/test_table-395f4600e0cf11ec8215f573db44ed38/nb-4467-big
./debug.log.2026-01-18_0808:INFO  [NonPeriodicTasks:1] 2026-01-16 18:53:46,318 SSTable.java:111 - Deleting sstable: /cassandra_data/test_keyspace/test_table-395f4600e0cf11ec8215f573db44ed38/nb-4313-big
./debug.log.2026-01-18_0808:DEBUG [MemtableFlushWriter:22768] 2026-01-17 00:00:09,742 ColumnFamilyStore.java:1197 - Flushed to [BigTableReader(path='/cassandra_data/test_keyspace/test_table-395f4600e0cf11ec8215f573db44ed38/nb-4488-big-Data.db')] (1 sstables, 182.314MiB), biggest 182.314MiB, smallest 182.314MiB
./debug.log.2026-01-18_0808:DEBUG [MemtableFlushWriter:22834] 2026-01-17 08:24:51,906 ColumnFamilyStore.java:1197 - Flushed to [BigTableReader(path='/cassandra_data/test_keyspace/test_table-395f4600e0cf11ec8215f573db44ed38/nb-4489-big-Data.db')] (1 sstables, 54.990MiB), biggest 54.990MiB, smallest 54.990MiB
./debug.log.2026-01-18_0808:INFO  [CompactionExecutor:136719] 2026-01-17 08:24:54,381 CompactionTask.java:241 - Compacted (77b02a20-f35c-11f0-9b47-5f6539fdd0c8) 4 sstables to [/cassandra_data/test_keyspace/test_table-395f4600e0cf11ec8215f573db44ed38/nb-4490-big,] to level=0.  225.315MiB to 225.700MiB (~100% of original) in 2,473ms.  Read Throughput = 91.087MiB/s, Write Throughput = 91.243MiB/s, Row Throughput = ~21,039/s.  31,317 total partitions merged to 31,178.  Partition merge counts were {1:31058, 2:103, 3:15, 4:2, }
./debug.log.2026-01-18_0808:INFO  [NonPeriodicTasks:1] 2026-01-17 08:24:54,381 SSTable.java:111 - Deleting sstable: /cassandra_data/test_keyspace/test_table-395f4600e0cf11ec8215f573db44ed38/nb-4489-big
./debug.log.2026-01-18_0808:INFO  [NonPeriodicTasks:1] 2026-01-17 08:24:54,383 SSTable.java:111 - Deleting sstable: /cassandra_data/test_keyspace/test_table-395f4600e0cf11ec8215f573db44ed38/nb-4473-big
./debug.log.2026-01-18_0808:INFO  [NonPeriodicTasks:1] 2026-01-17 08:24:54,384 SSTable.java:111 - Deleting sstable: /cassandra_data/test_keyspace/test_table-395f4600e0cf11ec8215f573db44ed38/nb-4479-big
./debug.log.2026-01-18_0808:INFO  [NonPeriodicTasks:1] 2026-01-17 08:24:54,385 SSTable.java:111 - Deleting sstable: /cassandra_data/test_keyspace/test_table-395f4600e0cf11ec8215f573db44ed38/nb-4477-big
./debug.log.2026-01-18_0808:INFO  [CompactionExecutor:137013] 2026-01-17 14:02:10,445 CompactionTask.java:241 - Compacted (a0d67110-f38a-11f0-9b47-5f6539fdd0c8) 1 sstables to [/cassandra_data/test_keyspace/test_table-395f4600e0cf11ec8215f573db44ed38/nb-4491-big,] to level=0.  53.168GiB to 53.168GiB (~100% of original) in 412,650ms.  Read Throughput = 131.938MiB/s, Write Throughput = 131.938MiB/s, Row Throughput = ~13,347/s.  2,096,113 total partitions merged to 2,096,113.  Partition merge counts were {1:2096113, }
./debug.log.2026-01-18_0808:INFO  [NonPeriodicTasks:1] 2026-01-17 14:02:10,452 SSTable.java:111 - Deleting sstable: /cassandra_data/test_keyspace/test_table-395f4600e0cf11ec8215f573db44ed38/nb-4484-big
./debug.log.2026-01-18_0808:DEBUG [MemtableFlushWriter:22894] 2026-01-17 14:58:12,379 ColumnFamilyStore.java:1197 - Flushed to [BigTableReader(path='/cassandra_data/test_keyspace/test_table-395f4600e0cf11ec8215f573db44ed38/nb-4492-big-Data.db')] (1 sstables, 178.680MiB), biggest 178.680MiB, smallest 178.680MiB
./debug.log.2026-01-18_0808:INFO  [CompactionExecutor:137200] 2026-01-17 17:40:19,062 CompactionTask.java:241 - Compacted (81465c60-f3a9-11f0-9b47-5f6539fdd0c8) 1 sstables to [/cassandra_data/test_keyspace/test_table-395f4600e0cf11ec8215f573db44ed38/nb-4493-big,] to level=0.  27.554GiB to 27.309GiB (~99% of original) in 239,822ms.  Read Throughput = 117.650MiB/s, Write Throughput = 116.606MiB/s, Row Throughput = ~17,710/s.  1,622,862 total partitions merged to 1,616,270.  Partition merge counts were {1:1622862, }
./debug.log.2026-01-18_0808:INFO  [NonPeriodicTasks:1] 2026-01-17 17:40:19,073 SSTable.java:111 - Deleting sstable: /cassandra_data/test_keyspace/test_table-395f4600e0cf11ec8215f573db44ed38/nb-4485-big
./debug.log.2026-01-18_0808:DEBUG [MemtableFlushWriter:22950] 2026-01-17 20:47:12,531 ColumnFamilyStore.java:1197 - Flushed to [BigTableReader(path='/cassandra_data/test_keyspace/test_table-395f4600e0cf11ec8215f573db44ed38/nb-4494-big-Data.db')] (1 sstables, 230.802MiB), biggest 230.802MiB, smallest 230.802MiB
./debug.log.2026-01-18_0808:INFO  [CompactionExecutor:137354] 2026-01-17 20:47:18,667 CompactionTask.java:241 - Compacted (2bf82e30-f3c4-11f0-9b47-5f6539fdd0c8) 4 sstables to [/cassandra_data/test_keyspace/test_table-395f4600e0cf11ec8215f573db44ed38/nb-4495-big,] to level=0.  816.828MiB to 817.106MiB (~100% of original) in 6,135ms.  Read Throughput = 133.127MiB/s, Write Throughput = 133.172MiB/s, Row Throughput = ~14,704/s.  51,003 total partitions merged to 50,663.  Partition merge counts were {1:50358, 2:278, 3:19, 4:8, }
./debug.log.2026-01-18_0808:INFO  [NonPeriodicTasks:1] 2026-01-17 20:47:18,668 SSTable.java:111 - Deleting sstable: /cassandra_data/test_keyspace/test_table-395f4600e0cf11ec8215f573db44ed38/nb-4494-big
./debug.log.2026-01-18_0808:INFO  [NonPeriodicTasks:1] 2026-01-17 20:47:18,669 SSTable.java:111 - Deleting sstable: /cassandra_data/test_keyspace/test_table-395f4600e0cf11ec8215f573db44ed38/nb-4488-big
./debug.log.2026-01-18_0808:INFO  [NonPeriodicTasks:1] 2026-01-17 20:47:18,670 SSTable.java:111 - Deleting sstable: /cassandra_data/test_keyspace/test_table-395f4600e0cf11ec8215f573db44ed38/nb-4490-big
./debug.log.2026-01-18_0808:INFO  [NonPeriodicTasks:1] 2026-01-17 20:47:18,670 SSTable.java:111 - Deleting sstable: /cassandra_data/test_keyspace/test_table-395f4600e0cf11ec8215f573db44ed38/nb-4492-big
